0 info it worked if it ends with ok
1 verbose cli [ '/home/muzikayise/.nvm/versions/node/v4.6.0/bin/node',
1 verbose cli   '/home/muzikayise/.nvm/versions/node/v4.6.0/bin/npm',
1 verbose cli   'run',
1 verbose cli   'fix' ]
2 info using npm@3.10.8
3 info using node@v4.6.0
4 verbose run-script [ 'prefix', 'fix', 'postfix' ]
5 info lifecycle complete-intro-to-react@1.0.0~prefix: complete-intro-to-react@1.0.0
6 silly lifecycle complete-intro-to-react@1.0.0~prefix: no script for prefix, continuing
7 info lifecycle complete-intro-to-react@1.0.0~fix: complete-intro-to-react@1.0.0
8 verbose lifecycle complete-intro-to-react@1.0.0~fix: unsafe-perm in lifecycle true
9 verbose lifecycle complete-intro-to-react@1.0.0~fix: PATH: /home/muzikayise/.nvm/versions/node/v4.6.0/lib/node_modules/npm/bin/node-gyp-bin:/home/muzikayise/workspace/Master Developer/Javascript/react/complete-intro-to-react/node_modules/.bin:/home/muzikayise/.nvm/versions/node/v4.6.0/bin:/home/muzikayise/workspace/Master Developer/auto-tools:/home/muzikayise/apps/WebStorm-162.1812.21/bin:/home/muzikayise/.rbenv/plugins/ruby-build/bin:/home/muzikayise/.rbenv/shims:/home/muzikayise/.rbenv/bin:/home/muzikayise/workspace/Master Developer/auto-tools:/home/muzikayise/apps/WebStorm-162.1812.21/bin:/home/muzikayise/.rbenv/plugins/ruby-build/bin:/home/muzikayise/.rbenv/shims:/home/muzikayise/.rbenv/bin:/home/muzikayise/workspace/Master Developer/auto-tools:/home/muzikayise/apps/WebStorm-162.1812.21/bin:/home/muzikayise/.rbenv/plugins/ruby-build/bin:/home/muzikayise/.rbenv/shims:/home/muzikayise/.rbenv/bin:/usr/local/sbin:/usr/local/bin:/usr/sbin:/usr/bin:/sbin:/bin:/usr/games:/usr/local/games
10 verbose lifecycle complete-intro-to-react@1.0.0~fix: CWD: /home/muzikayise/workspace/Master Developer/Javascript/react/complete-intro-to-react
11 silly lifecycle complete-intro-to-react@1.0.0~fix: Args: [ '-c', 'standard --fix' ]
12 silly lifecycle complete-intro-to-react@1.0.0~fix: Returned: code: 1  signal: null
13 info lifecycle complete-intro-to-react@1.0.0~fix: Failed to exec fix script
14 verbose stack Error: complete-intro-to-react@1.0.0 fix: `standard --fix`
14 verbose stack Exit status 1
14 verbose stack     at EventEmitter.<anonymous> (/home/muzikayise/.nvm/versions/node/v4.6.0/lib/node_modules/npm/lib/utils/lifecycle.js:255:16)
14 verbose stack     at emitTwo (events.js:87:13)
14 verbose stack     at EventEmitter.emit (events.js:172:7)
14 verbose stack     at ChildProcess.<anonymous> (/home/muzikayise/.nvm/versions/node/v4.6.0/lib/node_modules/npm/lib/utils/spawn.js:40:14)
14 verbose stack     at emitTwo (events.js:87:13)
14 verbose stack     at ChildProcess.emit (events.js:172:7)
14 verbose stack     at maybeClose (internal/child_process.js:829:16)
14 verbose stack     at Process.ChildProcess._handle.onexit (internal/child_process.js:211:5)
15 verbose pkgid complete-intro-to-react@1.0.0
16 verbose cwd /home/muzikayise/workspace/Master Developer/Javascript/react/complete-intro-to-react
17 error Linux 4.5.0-040500-generic
18 error argv "/home/muzikayise/.nvm/versions/node/v4.6.0/bin/node" "/home/muzikayise/.nvm/versions/node/v4.6.0/bin/npm" "run" "fix"
19 error node v4.6.0
20 error npm  v3.10.8
21 error code ELIFECYCLE
22 error complete-intro-to-react@1.0.0 fix: `standard --fix`
22 error Exit status 1
23 error Failed at the complete-intro-to-react@1.0.0 fix script 'standard --fix'.
23 error Make sure you have the latest version of node.js and npm installed.
23 error If you do, this is most likely a problem with the complete-intro-to-react package,
23 error not with npm itself.
23 error Tell the author that this fails on your system:
23 error     standard --fix
23 error You can get information on how to open an issue for this project with:
23 error     npm bugs complete-intro-to-react
23 error Or if that isn't available, you can get their info via:
23 error     npm owner ls complete-intro-to-react
23 error There is likely additional logging output above.
24 verbose exit [ 1, true ]
